::1 - - [26/May/2017:00:55:38 +0000] "GET /plugins/rs-plugin/css/settings.css HTTP/1.1" 200 71678
::1 - - [26/May/2017:00:55:38 +0000] "GET /plugins/jquery.countdown/jquery.countdown.css HTTP/1.1" 200 879
::1 - - [26/May/2017:00:55:38 +0000] "GET /plugins/rs-plugin/css/extralayers.css HTTP/1.1" 200 27940
::1 - - [26/May/2017:00:55:38 +0000] "GET /plugins/magnific-popup/magnific-popup.css HTTP/1.1" 200 7782
::1 - - [26/May/2017:00:55:38 +0000] "GET /plugins/rs-plugin/js/jquery.themepunch.revolution.min.js HTTP/1.1" 200 111127
::1 - - [26/May/2017:00:55:38 +0000] "GET /plugins/magnific-popup/jquery.magnific-popup.min.js HTTP/1.1" 200 20932
::1 - - [26/May/2017:00:55:38 +0000] "GET /plugins/rs-plugin/js/jquery.themepunch.tools.min.js HTTP/1.1" 200 94880
::1 - - [26/May/2017:00:55:38 +0000] "GET /plugins/jquery.parallax-1.1.3.js HTTP/1.1" 200 1837
::1 - - [26/May/2017:00:55:38 +0000] "GET /plugins/jquery.countdown/jquery.plugin.min.js HTTP/1.1" 200 3209
::1 - - [26/May/2017:00:55:38 +0000] "GET /plugins/jquery.countdown/jquery.countdown.min.js HTTP/1.1" 200 13330
::1 - - [26/May/2017:00:55:38 +0000] "GET /plugins/jquery.countdown/jquery.countdown-zh-CN.js HTTP/1.1" 200 635
::1 - - [26/May/2017:00:55:38 +0000] "GET /showImage?imgfileid=57 HTTP/1.1" 302 160
::1 - - [26/May/2017:00:55:38 +0000] "GET /showImage?imgfileid=324 HTTP/1.1" 302 161
::1 - - [26/May/2017:00:55:38 +0000] "GET /images/bg2.jpg HTTP/1.1" 200 136958
::1 - - [26/May/2017:00:55:38 +0000] "GET /showImage?imgfileid=326 HTTP/1.1" 302 161
::1 - - [26/May/2017:00:55:38 +0000] "GET /images/bg1.jpg HTTP/1.1" 200 146208
::ffff:127.0.0.1 - - [26/May/2017:00:55:38 +0000] "GET /showImage?imgfileid=336 HTTP/1.1" 302 161
::1 - - [26/May/2017:00:55:38 +0000] "GET /images/bg0.jpg HTTP/1.1" 200 160113
::1 - - [26/May/2017:00:55:38 +0000] "GET /images/parallax-bg-3.jpg HTTP/1.1" 200 150516
::1 - - [26/May/2017:00:55:38 +0000] "GET /images/loader.gif HTTP/1.1" 200 8187
::1 - - [26/May/2017:00:55:38 +0000] "GET /plugins/rs-plugin/font/revicons.woff?5510888 HTTP/1.1" 200 7536
::1 - - [26/May/2017:00:56:38 +0000] "GET /meeting_review HTTP/1.1" 200 23116
::1 - - [26/May/2017:00:56:38 +0000] "GET /showImage?imgfileid=49 HTTP/1.1" 302 160
::1 - - [26/May/2017:00:56:38 +0000] "GET /showImage?imgfileid=50 HTTP/1.1" 302 160
::1 - - [26/May/2017:00:56:38 +0000] "GET /showImage?imgfileid=51 HTTP/1.1" 302 160
::1 - - [26/May/2017:00:56:38 +0000] "GET /showImage?imgfileid=52 HTTP/1.1" 302 160
::1 - - [26/May/2017:00:56:38 +0000] "GET /showImage?imgfileid=71 HTTP/1.1" 302 160
::1 - - [26/May/2017:00:56:38 +0000] "GET /showImage?imgfileid=84 HTTP/1.1" 302 160
::1 - - [26/May/2017:00:56:38 +0000] "GET /showImage?imgfileid=86 HTTP/1.1" 302 160
::1 - - [26/May/2017:00:57:04 +0000] "GET /video_education HTTP/1.1" 200 12596
::1 - - [26/May/2017:00:57:04 +0000] "GET /showImage?imgfileid=185 HTTP/1.1" 302 161
::1 - - [26/May/2017:00:57:04 +0000] "GET /showImage?imgfileid=186 HTTP/1.1" 302 161
